Arguments: 
  /usr/bin/node /usr/bin/yarn

PATH: 
  /home/danlkv/bin:/home/danlkv/.local/bin:/usr/local/sbin:/usr/local/bin:/usr/sbin:/usr/bin:/sbin:/bin:/usr/games:/usr/local/games:/snap/bin:/home/danlkv/.dotnet/tools:/usr/local/go/bin:/home/danlkv/.fzf/bin

Yarn version: 
  1.9.4

Node version: 
  8.12.0

Platform: 
  linux x64

Trace: 
  SyntaxError: /home/danlkv/q/quantum-graph-vis/package.json: Unexpected token } in JSON at position 792
      at JSON.parse (<anonymous>)
      at /usr/lib/node_modules/yarn/lib/cli.js:1130:59
      at Generator.next (<anonymous>)
      at step (/usr/lib/node_modules/yarn/lib/cli.js:92:30)
      at /usr/lib/node_modules/yarn/lib/cli.js:103:13
      at <anonymous>

npm manifest: 
  {
    "name": "quantum-graph-vis",
    "version": "1.0.0",
    "description": "A visualisation of graph computation for quantum computing simulator",
    "main": "index.js",
    "scripts": {
      "test": "echo \"Error: no test specified\" && exit 1"
    },
    "keywords": [
      "quantum",
      "graph",
      "visualisation"
    ],
    "author": "Danil Lykov",
    "license": "MIT",
    "scripts": {
      "start": "webpack-dev-server --mode development",
      "build": "webpack --mode production"
    },
    "dependencies": {
      "axios": "^0.18.0",
      "coffeescript": "^2.3.2",
      "react": "^16.5.2",
      "react-dom": "^16.5.2",
      "react-dom-factories": "^1.0.2",
      "webpack": "^4.20.2",
      "webpack-dev-server": "^3.1.9"
    },
    "devDependencies": {
      "coffee-loader": "^0.9.0",
      "webpack-cli": "^3.1.2"
    }
  }
  }

yarn manifest: 
  No manifest

Lockfile: 
  No lockfile
